D, [2016-09-25T05:34:52.608996 #6707] DEBUG -- :   [1m[35m (108.3ms)[0m  [1m[35mCREATE TABLE "schema_migrations" ("version" varchar NOT NULL PRIMARY KEY)[0m
D, [2016-09-25T05:34:52.697773 #6707] DEBUG -- :   [1m[35m (86.0ms)[0m  [1m[35mCREATE TABLE "ar_internal_metadata" ("key" varchar NOT NULL PRIMARY KEY, "value" varchar, "created_at" datetime NOT NULL, "updated_at" datetime NOT NULL)[0m
D, [2016-09-25T05:34:52.707387 #6707] DEBUG -- :   [1m[36mActiveRecord::SchemaMigration Load (0.2ms)[0m  [1m[34mSELECT "schema_migrations".* FROM "schema_migrations"[0m
I, [2016-09-25T05:34:52.713846 #6707]  INFO -- : Migrating to ActsAsFollowerMigration (20160924233738)
D, [2016-09-25T05:34:52.717250 #6707] DEBUG -- :   [1m[35m (0.1ms)[0m  [1m[36mbegin transaction[0m
D, [2016-09-25T05:34:52.721750 #6707] DEBUG -- :   [1m[35m (0.5ms)[0m  [1m[35mCREATE TABLE "follows" ("id" INTEGER PRIMARY KEY AUTOINCREMENT NOT NULL, "followable_type" varchar NOT NULL, "followable_id" integer NOT NULL, "follower_type" varchar NOT NULL, "follower_id" integer NOT NULL, "blocked" boolean DEFAULT 'f' NOT NULL, "created_at" datetime, "updated_at" datetime)[0m
D, [2016-09-25T05:34:52.722251 #6707] DEBUG -- :   [1m[35m (0.1ms)[0m  [1m[34mselect sqlite_version(*)[0m
D, [2016-09-25T05:34:52.722956 #6707] DEBUG -- :   [1m[35m (0.2ms)[0m  [1m[35mCREATE  INDEX "fk_follows" ON "follows" ("follower_id", "follower_type")[0m
D, [2016-09-25T05:34:52.723644 #6707] DEBUG -- :   [1m[35m (0.1ms)[0m  [1m[34m            SELECT sql
            FROM sqlite_master
            WHERE name='fk_follows' AND type='index'
            UNION ALL
            SELECT sql
            FROM sqlite_temp_master
            WHERE name='fk_follows' AND type='index'
[0m
D, [2016-09-25T05:34:52.724136 #6707] DEBUG -- :   [1m[35m (0.2ms)[0m  [1m[35mCREATE  INDEX "fk_followables" ON "follows" ("followable_id", "followable_type")[0m
D, [2016-09-25T05:34:52.727160 #6707] DEBUG -- :   [1m[35mSQL (0.2ms)[0m  [1m[32mINSERT INTO "schema_migrations" ("version") VALUES (?)[0m  [["version", "20160924233738"]]
D, [2016-09-25T05:34:52.831679 #6707] DEBUG -- :   [1m[35m (104.1ms)[0m  [1m[36mcommit transaction[0m
I, [2016-09-25T05:34:52.831847 #6707]  INFO -- : Migrating to CreateUsers (20160924233912)
D, [2016-09-25T05:34:52.832786 #6707] DEBUG -- :   [1m[35m (0.1ms)[0m  [1m[36mbegin transaction[0m
D, [2016-09-25T05:34:52.833927 #6707] DEBUG -- :   [1m[35m (0.4ms)[0m  [1m[35mCREATE TABLE "users" ("id" INTEGER PRIMARY KEY AUTOINCREMENT NOT NULL, "name" varchar, "age" integer, "created_at" datetime NOT NULL, "updated_at" datetime NOT NULL)[0m
D, [2016-09-25T05:34:52.835476 #6707] DEBUG -- :   [1m[35mSQL (0.2ms)[0m  [1m[32mINSERT INTO "schema_migrations" ("version") VALUES (?)[0m  [["version", "20160924233912"]]
D, [2016-09-25T05:34:52.923150 #6707] DEBUG -- :   [1m[35m (87.4ms)[0m  [1m[36mcommit transaction[0m
D, [2016-09-25T05:34:52.926819 #6707] DEBUG -- :   [1m[36mActiveRecord::InternalMetadata Load (0.2ms)[0m  [1m[34mSELECT  "ar_internal_metadata".* FROM "ar_internal_metadata" WHERE "ar_internal_metadata"."key" = ? LIMIT ?[0m  [["key", :environment], ["LIMIT", 1]]
D, [2016-09-25T05:34:52.931007 #6707] DEBUG -- :   [1m[35m (0.1ms)[0m  [1m[36mbegin transaction[0m
D, [2016-09-25T05:34:52.932594 #6707] DEBUG -- :   [1m[35mSQL (0.3ms)[0m  [1m[32mINSERT INTO "ar_internal_metadata" ("key", "value", "created_at", "updated_at") VALUES (?, ?, ?, ?)[0m  [["key", "environment"], ["value", "production"], ["created_at", 2016-09-25 00:04:52 UTC], ["updated_at", 2016-09-25 00:04:52 UTC]]
D, [2016-09-25T05:34:53.035772 #6707] DEBUG -- :   [1m[35m (102.8ms)[0m  [1m[36mcommit transaction[0m
D, [2016-09-25T05:34:58.846376 #6724] DEBUG -- :   [1m[35m (0.1ms)[0m  [1m[36mbegin transaction[0m
D, [2016-09-25T05:34:58.858113 #6724] DEBUG -- :   [1m[35mSQL (2.1ms)[0m  [1m[32mINSERT INTO "users" ("name", "age", "created_at", "updated_at") VALUES (?, ?, ?, ?)[0m  [["name", "jigar bhatt"], ["age", 56], ["created_at", 2016-09-25 00:04:58 UTC], ["updated_at", 2016-09-25 00:04:58 UTC]]
D, [2016-09-25T05:34:58.971334 #6724] DEBUG -- :   [1m[35m (112.4ms)[0m  [1m[36mcommit transaction[0m
D, [2016-09-25T05:35:03.148324 #6724] DEBUG -- :   [1m[35m (0.1ms)[0m  [1m[36mbegin transaction[0m
D, [2016-09-25T05:35:03.149899 #6724] DEBUG -- :   [1m[35mSQL (0.3ms)[0m  [1m[32mINSERT INTO "users" ("name", "age", "created_at", "updated_at") VALUES (?, ?, ?, ?)[0m  [["name", "jalpa bhatt"], ["age", 56], ["created_at", 2016-09-25 00:05:03 UTC], ["updated_at", 2016-09-25 00:05:03 UTC]]
D, [2016-09-25T05:35:03.287296 #6724] DEBUG -- :   [1m[35m (136.7ms)[0m  [1m[36mcommit transaction[0m
D, [2016-09-25T05:35:07.152887 #6724] DEBUG -- :   [1m[36mFollow Load (0.3ms)[0m  [1m[34mSELECT  "follows".* FROM "follows" WHERE "follows"."follower_id" = ? AND "follows"."follower_type" = ? AND "follows"."followable_id" = ? AND "follows"."followable_type" = ? LIMIT ?[0m  [["follower_id", 1], ["follower_type", "User"], ["followable_id", 2], ["followable_type", "ApplicationRecord"], ["LIMIT", 1]]
D, [2016-09-25T05:35:07.153792 #6724] DEBUG -- :   [1m[35m (0.1ms)[0m  [1m[36mbegin transaction[0m
D, [2016-09-25T05:35:07.262332 #6724] DEBUG -- :   [1m[35m (0.1ms)[0m  [1m[31mrollback transaction[0m
